[5235] debug @0.013162> [hit #3]'/Users/harshal/Developments/Projects/CRM/views/views/pdf/temp.tt.tt' doesn't exist or not a regular file at /usr/local/lib/perl5/site_perl/5.12.1/Dancer/Template/TemplateToolkit.pm line 50
	Dancer::Template::TemplateToolkit::render('Dancer::Template::TemplateToolkit=HASH(0x2134b50)', '/Users/harshal/Developments/Projects/CRM/views/views/pdf/temp...', 'HASH(0x2135100)') called at /usr/local/lib/perl5/site_perl/5.12.1/Dancer/Template/Abstract.pm line 55
	Dancer::Template::Abstract::apply_renderer('Dancer::Template::TemplateToolkit=HASH(0x2134b50)', 'views/pdf/temp.tt.tt', 'HASH(0x2135100)') called at /usr/local/lib/perl5/site_perl/5.12.1/Dancer/Template/Abstract.pm line 133
	Dancer::Template::Abstract::template('Dancer::Template::Abstract', 'views/pdf/temp.tt.tt', 'HASH(0x2135100)') called at /usr/local/lib/perl5/site_perl/5.12.1/Dancer.pm line 150
	Dancer::template('views/pdf/temp.tt.tt', 'HASH(0x2135100)') called at /Users/harshal/Developments/Projects/CRM/lib/App.pm line 55
	eval {...} called at /Users/harshal/Developments/Projects/CRM/lib/App.pm line 54
	App::__ANON__() called at /usr/local/lib/perl5/site_perl/5.12.1/Dancer/Route.pm line 234
	Dancer::Route::execute('Dancer::Route=HASH(0xb988a0)') called at /usr/local/lib/perl5/site_perl/5.12.1/Dancer/Route.pm line 155
	Dancer::Route::run('Dancer::Route=HASH(0xb988a0)', 'Dancer::Request=HASH(0x21a08d0)') called at /usr/local/lib/perl5/site_perl/5.12.1/Dancer/Renderer.pm line 120
	Dancer::Renderer::get_action_response() called at /usr/local/lib/perl5/site_perl/5.12.1/Dancer/Renderer.pm line 23
	Dancer::Renderer::render_action('Dancer::Renderer') called at /usr/local/lib/perl5/site_perl/5.12.1/Dancer/Handler.pm line 72
	eval {...} called at /usr/local/lib/perl5/site_perl/5.12.1/Dancer/Handler.pm line 71
	Dancer::Handler::handle_request('Dancer::Handler', 'Dancer::Request=HASH(0x21a08d0)') called at /usr/local/lib/perl5/site_perl/5.12.1/Dancer.pm line 310
	Dancer::_start('Dancer', 'Dancer::Request=HASH(0x21a08d0)') called at app.psgi line 45
	Plack::Sandbox::app_2epsgi::__ANON__('HASH(0x213f2e0)') called at /usr/local/lib/perl5/site_perl/5.12.1/Plack/Middleware/Static.pm line 18
	Plack::Middleware::Static::call('Plack::Middleware::Static=HASH(0xc5a5c0)', 'HASH(0x213f2e0)') called at /usr/local/lib/perl5/site_perl/5.12.1/Plack/Component.pm line 39
	Plack::Component::__ANON__('HASH(0x213f2e0)') called at /usr/local/lib/perl5/site_perl/5.12.1/Plack/Middleware/SimpleLogger.pm line 28
	Plack::Middleware::SimpleLogger::call('Plack::Middleware::SimpleLogger=HASH(0xc5a670)', 'HASH(0x213f2e0)') called at /usr/local/lib/perl5/site_perl/5.12.1/Plack/Component.pm line 39
	Plack::Component::__ANON__('HASH(0x213f2e0)') called at /usr/local/lib/perl5/site_perl/5.12.1/Plack/Middleware/Debug/Base.pm line 23
	Plack::Middleware::Debug::Base::call('Plack::Middleware::Debug::DBIC::QueryLog=HASH(0xc633b0)', 'HASH(0x213f2e0)') called at /usr/local/lib/perl5/site_perl/5.12.1/Plack/Component.pm line 39
	Plack::Component::__ANON__('HASH(0x213f2e0)') called at /usr/local/lib/perl5/site_perl/5.12.1/Plack/Middleware/Debug/Base.pm line 23
	Plack::Middleware::Debug::Base::call('Plack::Middleware::Debug::Session=HASH(0xc638c0)', 'HASH(0x213f2e0)') called at /usr/local/lib/perl5/site_perl/5.12.1/Plack/Component.pm line 39
	Plack::Component::__ANON__('HASH(0x213f2e0)') called at /usr/local/lib/perl5/site_perl/5.12.1/Plack/Middleware/Debug/Base.pm line 23
	Plack::Middleware::Debug::Base::call('Plack::Middleware::Debug::Dancer::Version=HASH(0xc79fd0)', 'HASH(0x213f2e0)') called at /usr/local/lib/perl5/site_perl/5.12.1/Plack/Component.pm line 39
	Plack::Component::__ANON__('HASH(0x213f2e0)') called at /usr/local/lib/perl5/site_perl/5.12.1/Plack/Middleware/Debug/Base.pm line 23
	Plack::Middleware::Debug::Base::call('Plack::Middleware::Debug::Parameters=HASH(0xc79950)', 'HASH(0x213f2e0)') called at /usr/local/lib/perl5/site_perl/5.12.1/Plack/Component.pm line 39
	Plack::Component::__ANON__('HASH(0x213f2e0)') called at /usr/local/lib/perl5/site_perl/5.12.1/Plack/Middleware/Debug/Base.pm line 23
	Plack::Middleware::Debug::Base::call('Plack::Middleware::Debug::Dancer::Logger=HASH(0xc79ac0)', 'HASH(0x213f2e0)') called at /usr/local/lib/perl5/site_perl/5.12.1/Plack/Component.pm line 39
	Plack::Component::__ANON__('HASH(0x213f2e0)') called at /usr/local/lib/perl5/site_perl/5.12.1/Plack/Middleware/Debug/Base.pm line 23
	Plack::Middleware::Debug::Base::call('Plack::Middleware::Debug::Dancer::Settings=HASH(0xc79bd0)', 'HASH(0x213f2e0)') called at /usr/local/lib/perl5/site_perl/5.12.1/Plack/Component.pm line 39
	Plack::Component::__ANON__('HASH(0x213f2e0)') called at /usr/local/lib/perl5/site_perl/5.12.1/Plack/Middleware/Debug/Base.pm line 23
	Plack::Middleware::Debug::Base::call('Plack::Middleware::Debug::Environment=HASH(0xc79ce0)', 'HASH(0x213f2e0)') called at /usr/local/lib/perl5/site_perl/5.12.1/Plack/Component.pm line 39
	Plack::Component::__ANON__('HASH(0x213f2e0)') called at /usr/local/lib/perl5/site_perl/5.12.1/Plack/Middleware/Debug/Base.pm line 23
	Plack::Middleware::Debug::Base::call('Plack::Middleware::Debug::Timer=HASH(0xb6f010)', 'HASH(0x213f2e0)') called at /usr/local/lib/perl5/site_perl/5.12.1/Plack/Component.pm line 39
	Plack::Component::__ANON__('HASH(0x213f2e0)') called at /usr/local/lib/perl5/site_perl/5.12.1/Plack/Middleware/Debug/Base.pm line 23
	Plack::Middleware::Debug::Base::call('Plack::Middleware::Debug::Response=HASH(0xb6f120)', 'HASH(0x213f2e0)') called at /usr/local/lib/perl5/site_perl/5.12.1/Plack/Component.pm line 39
	Plack::Component::__ANON__('HASH(0x213f2e0)') called at /usr/local/lib/perl5/site_perl/5.12.1/Plack/Middleware/Debug/Base.pm line 23
	Plack::Middleware::Debug::Base::call('Plack::Middleware::Debug::Memory=HASH(0xb6f230)', 'HASH(0x213f2e0)') called at /usr/local/lib/perl5/site_perl/5.12.1/Plack/Component.pm line 39
	Plack::Component::__ANON__('HASH(0x213f2e0)') called at /usr/local/lib/perl5/site_perl/5.12.1/Plack/Middleware/Debug.pm line 136
	Plack::Middleware::Debug::call('Plack::Middleware::Debug=HASH(0xc5a7c0)', 'HASH(0x213f2e0)') called at /usr/local/lib/perl5/site_perl/5.12.1/Plack/Component.pm line 39
	Plack::Component::__ANON__('HASH(0x213f2e0)') called at /usr/local/lib/perl5/site_perl/5.12.1/Plack/Middleware/Session.pm line 52
	Plack::Middleware::Session::call('Plack::Middleware::Session=HASH(0xc5afd0)', 'HASH(0x213f2e0)') called at /usr/local/lib/perl5/site_perl/5.12.1/Plack/Component.pm line 39
	Plack::Component::__ANON__('HASH(0x213f2e0)') called at /usr/local/lib/perl5/site_perl/5.12.1/Plack/App/URLMap.pm line 71
	Plack::App::URLMap::call('Plack::App::URLMap=HASH(0xc15510)', 'HASH(0x213f2e0)') called at /usr/local/lib/perl5/site_perl/5.12.1/Plack/Component.pm line 39
	Plack::Component::__ANON__('HASH(0x213f2e0)') called at /usr/local/lib/perl5/site_perl/5.12.1/Plack/Middleware/Lint.pm line 24
	Plack::Middleware::Lint::call('Plack::Middleware::Lint=HASH(0xa70be0)', 'HASH(0x213f2e0)') called at /usr/local/lib/perl5/site_perl/5.12.1/Plack/Component.pm line 39
	Plack::Component::__ANON__('HASH(0x213f2e0)') called at /usr/local/lib/perl5/site_perl/5.12.1/Plack/Middleware/StackTrace.pm line 31
	Plack::Middleware::StackTrace::__ANON__() called at /usr/local/lib/perl5/site_perl/5.12.1/Try/Tiny.pm line 71
	eval {...} called at /usr/local/lib/perl5/site_perl/5.12.1/Try/Tiny.pm line 67
	Try::Tiny::try('CODE(0x9bb390)', 'Try::Tiny::Catch=REF(0xc9d080)') called at /usr/local/lib/perl5/site_perl/5.12.1/Plack/Middleware/StackTrace.pm line 35
	Plack::Middleware::StackTrace::call('Plack::Middleware::StackTrace=HASH(0xa4f700)', 'HASH(0x213f2e0)') called at /usr/local/lib/perl5/site_perl/5.12.1/Plack/Component.pm line 39
	Plack::Component::__ANON__('HASH(0x213f2e0)') called at /usr/local/lib/perl5/site_perl/5.12.1/Plack/Middleware/AccessLog.pm line 21
	Plack::Middleware::AccessLog::call('Plack::Middleware::AccessLog=HASH(0xc201f0)', 'HASH(0x213f2e0)') called at /usr/local/lib/perl5/site_perl/5.12.1/Plack/Component.pm line 39
	Plack::Component::__ANON__('HASH(0x213f2e0)') called at /usr/local/lib/perl5/site_perl/5.12.1/Plack/Middleware/ContentLength.pm line 10
	Plack::Middleware::ContentLength::call('Plack::Middleware::ContentLength=HASH(0xc4c770)', 'HASH(0x213f2e0)') called at /usr/local/lib/perl5/site_perl/5.12.1/Plack/Component.pm line 39
	Plack::Component::__ANON__('HASH(0x213f2e0)') called at /usr/local/lib/perl5/site_perl/5.12.1/Plack/Util.pm line 159
	eval {...} called at /usr/local/lib/perl5/site_perl/5.12.1/Plack/Util.pm line 159
	Plack::Util::run_app('CODE(0xca5690)', 'HASH(0x213f2e0)') called at /usr/local/lib/perl5/site_perl/5.12.1/HTTP/Server/PSGI.pm line 145
	HTTP::Server::PSGI::handle_connection('HTTP::Server::PSGI=HASH(0xc40260)', 'HASH(0x213f2e0)', 'IO::Socket::INET=GLOB(0x213f210)', 'CODE(0xca5690)') called at /usr/local/lib/perl5/site_perl/5.12.1/HTTP/Server/PSGI.pm line 105
	HTTP::Server::PSGI::accept_loop('HTTP::Server::PSGI=HASH(0xc40260)', 'CODE(0xc05220)') called at /usr/local/lib/perl5/site_perl/5.12.1/HTTP/Server/PSGI.pm line 59
	HTTP::Server::PSGI::run('HTTP::Server::PSGI=HASH(0xc40260)', 'CODE(0xc05220)') called at /usr/local/lib/perl5/site_perl/5.12.1/Plack/Handler/HTTP/Server/PSGI.pm line 14
	Plack::Handler::HTTP::Server::PSGI::run('Plack::Handler::Standalone=HASH(0xc40470)', 'CODE(0xc05220)') called at /usr/local/lib/perl5/site_perl/5.12.1/Plack/Loader.pm line 85
	Plack::Loader::run('Plack::Loader=HASH(0x85acc0)', 'Plack::Handler::Standalone=HASH(0xc40470)') called at /usr/local/lib/perl5/site_perl/5.12.1/Plack/Runner.pm line 256
	Plack::Runner::run('Plack::Runner=HASH(0x803ea0)') called at /usr/local/bin/plackup line 10 in (eval 114) l. 1
[5235] debug @0.013560> [hit #3]coming here roo in (eval 114) l. 1
